#
# There is insufficient memory for the Java Runtime Environment to continue.
# Native memory allocation (malloc) failed to allocate 1152416 bytes for Chunk::new
# Possible reasons:
#   The system is out of physical RAM or swap space
#   The process is running with CompressedOops enabled, and the Java Heap may be blocking the growth of the native heap
# Possible solutions:
#   Reduce memory load on the system
#   Increase physical memory or swap space
#   Check if swap backing store is full
#   Decrease Java heap size (-Xmx/-Xms)
#   Decrease number of Java threads
#   Decrease Java thread stack sizes (-Xss)
#   Set larger code cache with -XX:ReservedCodeCacheSize=
#   JVM is running with Unscaled Compressed Oops mode in which the Java heap is
#     placed in the first 4GB address space. The Java Heap base address is the
#     maximum limit for the native heap growth. Please use -XX:HeapBaseMinAddress
#     to set the Java Heap base and to place the Java Heap above 4GB virtual address.
# This output file may be truncated or incomplete.
#
#  Out of Memory Error (./src/hotspot/share/memory/arena.cpp:197), pid=4188, tid=18316
#
# JRE version: OpenJDK Runtime Environment Zulu11.48+21-CA (11.0.11+9) (build 11.0.11+9-LTS)
# Java VM: OpenJDK 64-Bit Server VM Zulu11.48+21-CA (11.0.11+9-LTS, mixed mode, tiered, compressed oops, g1 gc, windows-amd64)
# No core dump will be written. Minidumps are not enabled by default on client versions of Windows
#

---------------  S U M M A R Y ------------

Command Line: -javaagent:C:\Program Files\JetBrains\IntelliJ IDEA Community Edition 2021.1.1\lib\idea_rt.jar=1048:C:\Program Files\JetBrains\IntelliJ IDEA Community Edition 2021.1.1\bin -Dfile.encoding=UTF-8 com.pi.rodizioapi.RodizioApiApplication

Host: Intel(R) Core(TM) i5-4570 CPU @ 3.20GHz, 4 cores, 7G,  Windows 10 , 64 bit Build 19041 (10.0.19041.1023)
Time: Fri Jul  2 13:20:43 2021 E. South America Standard Time elapsed time: 14.595052 seconds (0d 0h 0m 14s)

---------------  T H R E A D  ---------------

Current thread (0x000002d3eadcf800):  JavaThread "C2 CompilerThread0" daemon [_thread_in_native, id=18316, stack(0x000000dd8f300000,0x000000dd8f400000)]


Current CompileTask:
C2:  14595 4437       4       org.springframework.core.annotation.TypeMappedAnnotations$MergedAnnotationFinder::doWithAnnotations (10 bytes)

Stack: [0x000000dd8f300000,0x000000dd8f400000]
Native frames: (J=compiled Java code, j=interpreted, Vv=VM code, C=native code)
V  [jvm.dll+0x5fa24a]
V  [jvm.dll+0x782ebe]
V  [jvm.dll+0x78458f]
V  [jvm.dll+0x784c53]
V  [jvm.dll+0x247158]
V  [jvm.dll+0xbe8dc]
V  [jvm.dll+0xbefdc]
V  [jvm.dll+0x2b6564]
V  [jvm.dll+0x50b799]
V  [jvm.dll+0x208bad]
V  [jvm.dll+0x202b0a]
V  [jvm.dll+0x1ffb6f]
V  [jvm.dll+0x18517c]
V  [jvm.dll+0x20f107]
V  [jvm.dll+0x20d2eb]
V  [jvm.dll+0x7470b9]
V  [jvm.dll+0x740134]
V  [jvm.dll+0x5f90c6]
C  [ucrtbase.dll+0x21bb2]
C  [KERNEL32.DLL+0x17034]
C  [ntdll.dll+0x52651]


---------------  P R O C E S S  ---------------

Threads class SMR info:
_java_thread_list=0x000002d3ec4700d0, length=18, elements={
0x000002d3cc446000, 0x000002d3eadb6000, 0x000002d3eadc0000, 0x000002d3eb732800,
0x000002d3eadc8000, 0x000002d3eadca800, 0x000002d3eadcf800, 0x000002d3eaded000,
0x000002d3eb78a800, 0x000002d3eb888000, 0x000002d3eb9c8800, 0x000002d3ec0ab800,
0x000002d3ef4d1800, 0x000002d3f04c7800, 0x000002d3f0145800, 0x000002d3eb8e7000,
0x000002d3f06b6000, 0x000002d3f0a85800
}

Java Threads: ( => current thread )
  0x000002d3cc446000 JavaThread "main" [_thread_in_vm, id=10784, stack(0x000000dd8e700000,0x000000dd8e800000)]
  0x000002d3eadb6000 JavaThread "Reference Handler" daemon [_thread_blocked, id=20808, stack(0x000000dd8ee00000,0x000000dd8ef00000)]
  0x000002d3eadc0000 JavaThread "Finalizer" daemon [_thread_blocked, id=1876, stack(0x000000dd8ef00000,0x000000dd8f000000)]
  0x000002d3eb732800 JavaThread "Signal Dispatcher" daemon [_thread_blocked, id=400, stack(0x000000dd8f000000,0x000000dd8f100000)]
  0x000002d3eadc8000 JavaThread "Attach Listener" daemon [_thread_blocked, id=12340, stack(0x000000dd8f100000,0x000000dd8f200000)]
  0x000002d3eadca800 JavaThread "Service Thread" daemon [_thread_blocked, id=7028, stack(0x000000dd8f200000,0x000000dd8f300000)]
=>0x000002d3eadcf800 JavaThread "C2 CompilerThread0" daemon [_thread_in_native, id=18316, stack(0x000000dd8f300000,0x000000dd8f400000)]
  0x000002d3eaded000 JavaThread "C1 CompilerThread0" daemon [_thread_blocked, id=16264, stack(0x000000dd8f400000,0x000000dd8f500000)]
  0x000002d3eb78a800 JavaThread "Sweeper thread" daemon [_thread_blocked, id=13600, stack(0x000000dd8f500000,0x000000dd8f600000)]
  0x000002d3eb888000 JavaThread "Common-Cleaner" daemon [_thread_blocked, id=18288, stack(0x000000dd8f600000,0x000000dd8f700000)]
  0x000002d3eb9c8800 JavaThread "Monitor Ctrl-Break" daemon [_thread_in_native, id=17516, stack(0x000000dd8f800000,0x000000dd8f900000)]
  0x000002d3ec0ab800 JavaThread "Catalina-utility-1" [_thread_blocked, id=240, stack(0x000000dd8fc00000,0x000000dd8fd00000)]
  0x000002d3ef4d1800 JavaThread "Catalina-utility-2" [_thread_blocked, id=14836, stack(0x000000dd8fd00000,0x000000dd8fe00000)]
  0x000002d3f04c7800 JavaThread "container-0" [_thread_blocked, id=14468, stack(0x000000dd8ff00000,0x000000dd90000000)]
  0x000002d3f0145800 JavaThread "mysql-cj-abandoned-connection-cleanup" daemon [_thread_blocked, id=21084, stack(0x000000dd90000000,0x000000dd90100000)]
  0x000002d3eb8e7000 JavaThread "HikariPool-1 housekeeper" daemon [_thread_blocked, id=15396, stack(0x000000dd90200000,0x000000dd90300000)]
  0x000002d3f06b6000 JavaThread "HikariPool-1 connection adder" daemon [_thread_blocked, id=912, stack(0x000000dd90300000,0x000000dd90400000)]
  0x000002d3f0a85800 JavaThread "C2 CompilerThread1" daemon [_thread_in_native, id=16568, stack(0x000000dd90400000,0x000000dd90500000)]

Other Threads:
  0x000002d3ead8e000 VMThread "VM Thread" [stack: 0x000000dd8ed00000,0x000000dd8ee00000] [id=10436]
  0x000002d3ebd11000 WatcherThread [stack: 0x000000dd8f900000,0x000000dd8fa00000] [id=19960]
  0x000002d3cc45e000 GCTaskThread "GC Thread#0" [stack: 0x000000dd8e800000,0x000000dd8e900000] [id=9716]
  0x000002d3ec08f000 GCTaskThread "GC Thread#1" [stack: 0x000000dd8fa00000,0x000000dd8fb00000] [id=7768]
  0x000002d3ec090000 GCTaskThread "GC Thread#2" [stack: 0x000000dd8fb00000,0x000000dd8fc00000] [id=13260]
  0x000002d3ec08c000 GCTaskThread "GC Thread#3" [stack: 0x000000dd8fe00000,0x000000dd8ff00000] [id=1500]
  0x000002d3cc48d800 ConcurrentGCThread "G1 Main Marker" [stack: 0x000000dd8e900000,0x000000dd8ea00000] [id=12260]
  0x000002d3cc490000 ConcurrentGCThread "G1 Conc#0" [stack: 0x000000dd8ea00000,0x000000dd8eb00000] [id=1652]
  0x000002d3cc50f000 ConcurrentGCThread "G1 Refine#0" [stack: 0x000000dd8eb00000,0x000000dd8ec00000] [id=9128]
  0x000002d3cc510800 ConcurrentGCThread "G1 Young RemSet Sampling" [stack: 0x000000dd8ec00000,0x000000dd8ed00000] [id=6328]

Threads with active compile tasks:
C2 CompilerThread0  14622 4437       4       org.springframework.core.annotation.TypeMappedAnnotations$MergedAnnotationFinder::doWithAnnotations (10 bytes)
C2 CompilerThread1  14622 4435   !   4       org.springframework.core.annotation.AnnotationsScanner::processMethodHierarchy (276 bytes)

VM state:not at safepoint (normal execution)

VM Mutex/Monitor currently owned by a thread:  ([mutex/lock_event])
[0x000002d3cc442c10] MetaspaceExpand_lock - owner thread: 0x000002d3cc446000

Heap address: 0x0000000082000000, size: 2016 MB, Compressed Oops mode: 32-bit
Narrow klass base: 0x0000000000000000, Narrow klass shift: 3
Compressed class space size: 1073741824 Address: 0x0000000100000000

Heap:
 garbage-first heap   total 208896K, used 84910K [0x0000000082000000, 0x0000000100000000)
  region size 1024K, 79 young (80896K), 13 survivors (13312K)
 Metaspace       used 58283K, capacity 59673K, committed 59776K, reserved 1101824K
  class space    used 7406K, capacity 7977K, committed 8064K, reserved 1048576K
Heap Regions: E=young(eden), S=young(survivor), O=old, HS=humongous(starts), HC=humongous(continues), CS=collection set, F=free, A=archive, TAMS=top-at-mark-start (previous, next)
|   0|0x0000000082000000, 0x0000000082100000, 0x0000000082100000|100%|HS|  |TAMS 0x0000000082100000, 0x0000000082000000| Complete 
|   1|0x0000000082100000, 0x0000000082200000, 0x0000000082200000|100%| O|  |TAMS 0x0000000082200000, 0x0000000082100000| Untracked 
|   2|0x0000000082200000, 0x0000000082300000, 0x0000000082300000|100%| O|  |TAMS 0x0000000082300000, 0x0000000082200000| Untracked 
|   3|0x0000000082300000, 0x0000000082400000, 0x0000000082400000|100%| O|  |TAMS 0x0000000082400000, 0x0000000082300000| Untracked 
|   4|0x0000000082400000, 0x0000000082500000, 0x0000000082500000|100%| O|  |TAMS 0x0000000082500000, 0x0000000082400000| Untracked 
|   5|0x0000000082500000, 0x0000000082597800, 0x0000000082600000| 59%| O|  |TAMS 0x0000000082597800, 0x0000000082500000| Untracked 
|   6|0x0000000082600000, 0x0000000082600000, 0x0000000082700000|  0%| F|  |TAMS 0x0000000082600000, 0x0000000082600000| Untracked 
|   7|0x0000000082700000, 0x0000000082700000, 0x0000000082800000|  0%| F|  |TAMS 0x0000000082700000, 0x0000000082700000| Untracked 
|   8|0x0000000082800000, 0x0000000082800000, 0x0000000082900000|  0%| F|  |TAMS 0x0000000082800000, 0x0000000082800000| Untracked 
|   9|0x0000000082900000, 0x0000000082900000, 0x0000000082a00000|  0%| F|  |TAMS 0x0000000082900000, 0x0000000082900000| Untracked 
|  10|0x0000000082a00000, 0x0000000082a00000, 0x0000000082b00000|  0%| F|  |TAMS 0x0000000082a00000, 0x0000000082a00000| Untracked 
|  11|0x0000000082b00000, 0x0000000082b00000, 0x0000000082c00000|  0%| F|  |TAMS 0x0000000082b00000, 0x0000000082b00000| Untracked 
|  12|0x0000000082c00000, 0x0000000082c00000, 0x0000000082d00000|  0%| F|  |TAMS 0x0000000082c00000, 0x0000000082c00000| Untracked 
|  13|0x0000000082d00000, 0x0000000082d00000, 0x0000000082e00000|  0%| F|  |TAMS 0x0000000082d00000, 0x0000000082d00000| Untracked 
|  14|0x0000000082e00000, 0x0000000082e00000, 0x0000000082f00000|  0%| F|  |TAMS 0x0000000082e00000, 0x0000000082e00000| Untracked 
|  15|0x0000000082f00000, 0x0000000082f00000, 0x0000000083000000|  0%| F|  |TAMS 0x0000000082f00000, 0x0000000082f00000| Untracked 
|  16|0x0000000083000000, 0x0000000083000000, 0x0000000083100000|  0%| F|  |TAMS 0x0000000083000000, 0x0000000083000000| Untracked 
|  17|0x0000000083100000, 0x0000000083100000, 0x0000000083200000|  0%| F|  |TAMS 0x0000000083100000, 0x0000000083100000| Untracked 
|  18|0x0000000083200000, 0x0000000083200000, 0x0000000083300000|  0%| F|  |TAMS 0x0000000083200000, 0x0000000083200000| Untracked 
|  19|0x0000000083300000, 0x0000000083300000, 0x0000000083400000|  0%| F|  |TAMS 0x0000000083300000, 0x0000000083300000| Untracked 
|  20|0x0000000083400000, 0x0000000083400000, 0x0000000083500000|  0%| F|  |TAMS 0x0000000083400000, 0x0000000083400000| Untracked 
|  21|0x0000000083500000, 0x0000000083500000, 0x0000000083600000|  0%| F|  |TAMS 0x0000000083500000, 0x0000000083500000| Untracked 
|  22|0x0000000083600000, 0x0000000083600000, 0x0000000083700000|  0%| F|  |TAMS 0x0000000083600000, 0x0000000083600000| Untracked 
|  23|0x0000000083700000, 0x0000000083700000, 0x0000000083800000|  0%| F|  |TAMS 0x0000000083700000, 0x0000000083700000| Untracked 
|  24|0x0000000083800000, 0x0000000083800000, 0x0000000083900000|  0%| F|  |TAMS 0x0000000083800000, 0x0000000083800000| Untracked 
|  25|0x0000000083900000, 0x0000000083900000, 0x0000000083a00000|  0%| F|  |TAMS 0x0000000083900000, 0x0000000083900000| Untracked 
|  26|0x0000000083a00000, 0x0000000083a00000, 0x0000000083b00000|  0%| F|  |TAMS 0x0000000083a00000, 0x0000000083a00000| Untracked 
|  27|0x0000000083b00000, 0x0000000083b00000, 0x0000000083c00000|  0%| F|  |TAMS 0x0000000083b00000, 0x0000000083b00000| Untracked 
|  28|0x0000000083c00000, 0x0000000083c00000, 0x0000000083d00000|  0%| F|  |TAMS 0x0000000083c00000, 0x0000000083c00000| Untracked 
|  29|0x0000000083d00000, 0x0000000083d00000, 0x0000000083e00000|  0%| F|  |TAMS 0x0000000083d00000, 0x0000000083d00000| Untracked 
|  30|0x0000000083e00000, 0x0000000083e00000, 0x0000000083f00000|  0%| F|  |TAMS 0x0000000083e00000, 0x0000000083e00000| Untracked 
|  31|0x0000000083f00000, 0x0000000083f00000, 0x0000000084000000|  0%| F|  |TAMS 0x0000000083f00000, 0x0000000083f00000| Untracked 
|  32|0x0000000084000000, 0x0000000084000000, 0x0000000084100000|  0%| F|  |TAMS 0x0000000084000000, 0x0000000084000000| Untracked 
|  33|0x0000000084100000, 0x0000000084100000, 0x0000000084200000|  0%| F|  |TAMS 0x0000000084100000, 0x0000000084100000| Untracked 
|  34|0x0000000084200000, 0x0000000084200000, 0x0000000084300000|  0%| F|  |TAMS 0x0000000084200000, 0x0000000084200000| Untracked 
|  35|0x0000000084300000, 0x0000000084300000, 0x0000000084400000|  0%| F|  |TAMS 0x0000000084300000, 0x0000000084300000| Untracked 
|  36|0x0000000084400000, 0x0000000084400000, 0x0000000084500000|  0%| F|  |TAMS 0x0000000084400000, 0x0000000084400000| Untracked 
|  37|0x0000000084500000, 0x0000000084500000, 0x0000000084600000|  0%| F|  |TAMS 0x0000000084500000, 0x0000000084500000| Untracked 
|  38|0x0000000084600000, 0x0000000084600000, 0x0000000084700000|  0%| F|  |TAMS 0x0000000084600000, 0x0000000084600000| Untracked 
|  39|0x0000000084700000, 0x0000000084700000, 0x0000000084800000|  0%| F|  |TAMS 0x0000000084700000, 0x0000000084700000| Untracked 
|  40|0x0000000084800000, 0x0000000084800000, 0x0000000084900000|  0%| F|  |TAMS 0x0000000084800000, 0x0000000084800000| Untracked 
|  41|0x0000000084900000, 0x0000000084900000, 0x0000000084a00000|  0%| F|  |TAMS 0x0000000084900000, 0x0000000084900000| Untracked 
|  42|0x0000000084a00000, 0x0000000084a00000, 0x0000000084b00000|  0%| F|  |TAMS 0x0000000084a00000, 0x0000000084a00000| Untracked 
|  43|0x0000000084b00000, 0x0000000084b00000, 0x0000000084c00000|  0%| F|  |TAMS 0x0000000084b00000, 0x0000000084b00000| Untracked 
|  44|0x0000000084c00000, 0x0000000084c00000, 0x0000000084d00000|  0%| F|  |TAMS 0x0000000084c00000, 0x0000000084c00000| Untracked 
|  45|0x0000000084d00000, 0x0000000084d00000, 0x0000000084e00000|  0%| F|  |TAMS 0x0000000084d00000, 0x0000000084d00000| Untracked 
|  46|0x0000000084e00000, 0x0000000084e00000, 0x0000000084f00000|  0%| F|  |TAMS 0x0000000084e00000, 0x0000000084e00000| Untracked 
|  47|0x0000000084f00000, 0x0000000084f00000, 0x0000000085000000|  0%| F|  |TAMS 0x0000000084f00000, 0x0000000084f00000| Untracked 
|  48|0x0000000085000000, 0x0000000085000000, 0x0000000085100000|  0%| F|  |TAMS 0x0000000085000000, 0x0000000085000000| Untracked 
|  49|0x0000000085100000, 0x0000000085100000, 0x0000000085200000|  0%| F|  |TAMS 0x0000000085100000, 0x0000000085100000| Untracked 
|  50|0x0000000085200000, 0x0000000085200000, 0x0000000085300000|  0%| F|  |TAMS 0x0000000085200000, 0x0000000085200000| Untracked 
|  51|0x0000000085300000, 0x0000000085300000, 0x0000000085400000|  0%| F|  |TAMS 0x0000000085300000, 0x0000000085300000| Untracked 
|  52|0x0000000085400000, 0x0000000085400000, 0x0000000085500000|  0%| F|  |TAMS 0x0000000085400000, 0x0000000085400000| Untracked 
|  53|0x0000000085500000, 0x0000000085500000, 0x0000000085600000|  0%| F|  |TAMS 0x0000000085500000, 0x0000000085500000| Untracked 
|  54|0x0000000085600000, 0x0000000085600000, 0x0000000085700000|  0%| F|  |TAMS 0x0000000085600000, 0x0000000085600000| Untracked 
|  55|0x0000000085700000, 0x0000000085700000, 0x0000000085800000|  0%| F|  |TAMS 0x0000000085700000, 0x0000000085700000| Untracked 
|  56|0x0000000085800000, 0x0000000085800000, 0x0000000085900000|  0%| F|  |TAMS 0x0000000085800000, 0x0000000085800000| Untracked 
|  57|0x0000000085900000, 0x0000000085900000, 0x0000000085a00000|  0%| F|  |TAMS 0x0000000085900000, 0x0000000085900000| Untracked 
|  58|0x0000000085a00000, 0x0000000085a00000, 0x0000000085b00000|  0%| F|  |TAMS 0x0000000085a00000, 0x0000000085a00000| Untracked 
|  59|0x0000000085b00000, 0x0000000085b00000, 0x0000000085c00000|  0%| F|  |TAMS 0x0000000085b00000, 0x0000000085b00000| Untracked 
|  60|0x0000000085c00000, 0x0000000085c00000, 0x0000000085d00000|  0%| F|  |TAMS 0x0000000085c00000, 0x0000000085c00000| Untracked 
|  61|0x0000000085d00000, 0x0000000085d00000, 0x0000000085e00000|  0%| F|  |TAMS 0x0000000085d00000, 0x0000000085d00000| Untracked 
|  62|0x0000000085e00000, 0x0000000085e00000, 0x0000000085f00000|  0%| F|  |TAMS 0x0000000085e00000, 0x0000000085e00000| Untracked 
|  63|0x0000000085f00000, 0x0000000085f00000, 0x0000000086000000|  0%| F|  |TAMS 0x0000000085f00000, 0x0000000085f00000| Untracked 
|  64|0x0000000086000000, 0x0000000086000000, 0x0000000086100000|  0%| F|  |TAMS 0x0000000086000000, 0x0000000086000000| Untracked 
|  65|0x0000000086100000, 0x0000000086100000, 0x0000000086200000|  0%| F|  |TAMS 0x0000000086100000, 0x0000000086100000| Untracked 
|  66|0x0000000086200000, 0x0000000086200000, 0x0000000086300000|  0%| F|  |TAMS 0x0000000086200000, 0x0000000086200000| Untracked 
|  67|0x0000000086300000, 0x0000000086300000, 0x0000000086400000|  0%| F|  |TAMS 0x0000000086300000, 0x0000000086300000| Untracked 
|  68|0x0000000086400000, 0x0000000086400000, 0x0000000086500000|  0%| F|  |TAMS 0x0000000086400000, 0x0000000086400000| Untracked 
|  69|0x0000000086500000, 0x0000000086500000, 0x0000000086600000|  0%| F|  |TAMS 0x0000000086500000, 0x0000000086500000| Untracked 
|  70|0x0000000086600000, 0x00000000866540f8, 0x0000000086700000| 32%| S|CS|TAMS 0x0000000086600000, 0x0000000086600000| Complete 
|  71|0x0000000086700000, 0x0000000086800000, 0x0000000086800000|100%| S|CS|TAMS 0x0000000086700000, 0x0000000086700000| Complete 
|  72|0x0000000086800000, 0x0000000086900000, 0x0000000086900000|100%| S|CS|TAMS 0x0000000086800000, 0x0000000086800000| Complete 
|  73|0x0000000086900000, 0x0000000086900000, 0x0000000086a00000|  0%| F|  |TAMS 0x0000000086900000, 0x0000000086900000| Untracked 
|  74|0x0000000086a00000, 0x0000000086a00000, 0x0000000086b00000|  0%| F|  |TAMS 0x0000000086a00000, 0x0000000086a00000| Untracked 
|  75|0x0000000086b00000, 0x0000000086b00000, 0x0000000086c00000|  0%| F|  |TAMS 0x0000000086b00000, 0x0000000086b00000| Untracked 
|  76|0x0000000086c00000, 0x0000000086c00000, 0x0000000086d00000|  0%| F|  |TAMS 0x0000000086c00000, 0x0000000086c00000| Untracked 
|  77|0x0000000086d00000, 0x0000000086d00000, 0x0000000086e00000|  0%| F|  |TAMS 0x0000000086d00000, 0x0000000086d00000| Untracked 
|  78|0x0000000086e00000, 0x0000000086e00000, 0x0000000086f00000|  0%| F|  |TAMS 0x0000000086e00000, 0x0000000086e00000| Untracked 
|  79|0x0000000086f00000, 0x0000000086f00000, 0x0000000087000000|  0%| F|  |TAMS 0x0000000086f00000, 0x0000000086f00000| Untracked 
|  80|0x0000000087000000, 0x0000000087000000, 0x0000000087100000|  0%| F|  |TAMS 0x0000000087000000, 0x0000000087000000| Untracked 
|  81|0x0000000087100000, 0x0000000087200000, 0x0000000087200000|100%| S|CS|TAMS 0x0000000087100000, 0x0000000087100000| Complete 
|  82|0x0000000087200000, 0x0000000087300000, 0x0000000087300000|100%| S|CS|TAMS 0x0000000087200000, 0x0000000087200000| Complete 
|  83|0x0000000087300000, 0x0000000087400000, 0x0000000087400000|100%| S|CS|TAMS 0x0000000087300000, 0x0000000087300000| Complete 
|  84|0x0000000087400000, 0x0000000087500000, 0x0000000087500000|100%| S|CS|TAMS 0x0000000087400000, 0x0000000087400000| Complete 
|  85|0x0000000087500000, 0x0000000087600000, 0x0000000087600000|100%| S|CS|TAMS 0x0000000087500000, 0x0000000087500000| Complete 
|  86|0x0000000087600000, 0x0000000087700000, 0x0000000087700000|100%| S|CS|TAMS 0x0000000087600000, 0x0000000087600000| Complete 
|  87|0x0000000087700000, 0x0000000087800000, 0x0000000087800000|100%| S|CS|TAMS 0x0000000087700000, 0x0000000087700000| Complete 
|  88|0x0000000087800000, 0x0000000087900000, 0x0000000087900000|100%| S|CS|TAMS 0x0000000087800000, 0x0000000087800000| Complete 
|  89|0x0000000087900000, 0x0000000087a00000, 0x0000000087a00000|100%| S|CS|TAMS 0x0000000087900000, 0x0000000087900000| Complete 
|  90|0x0000000087a00000, 0x0000000087b00000, 0x0000000087b00000|100%| S|CS|TAMS 0x0000000087a00000, 0x0000000087a00000| Complete 
|  91|0x0000000087b00000, 0x0000000087b00000, 0x0000000087c00000|  0%| F|  |TAMS 0x0000000087b00000, 0x0000000087b00000| Untracked 
|  92|0x0000000087c00000, 0x0000000087c00000, 0x0000000087d00000|  0%| F|  |TAMS 0x0000000087c00000, 0x0000000087c00000| Untracked 
|  93|0x0000000087d00000, 0x0000000087d00000, 0x0000000087e00000|  0%| F|  |TAMS 0x0000000087d00000, 0x0000000087d00000| Untracked 
|  94|0x0000000087e00000, 0x0000000087e00000, 0x0000000087f00000|  0%| F|  |TAMS 0x0000000087e00000, 0x0000000087e00000| Untracked 
|  95|0x0000000087f00000, 0x0000000087f00000, 0x0000000088000000|  0%| F|  |TAMS 0x0000000087f00000, 0x0000000087f00000| Untracked 
|  96|0x0000000088000000, 0x0000000088000000, 0x0000000088100000|  0%| F|  |TAMS 0x0000000088000000, 0x0000000088000000| Untracked 
|  97|0x0000000088100000, 0x0000000088100000, 0x0000000088200000|  0%| F|  |TAMS 0x0000000088100000, 0x0000000088100000| Untracked 
|  98|0x0000000088200000, 0x0000000088200000, 0x0000000088300000|  0%| F|  |TAMS 0x0000000088200000, 0x0000000088200000| Untracked 
|  99|0x0000000088300000, 0x0000000088300000, 0x0000000088400000|  0%| F|  |TAMS 0x0000000088300000, 0x0000000088300000| Untracked 
| 100|0x0000000088400000, 0x0000000088400000, 0x0000000088500000|  0%| F|  |TAMS 0x0000000088400000, 0x0000000088400000| Untracked 
| 101|0x0000000088500000, 0x0000000088500000, 0x0000000088600000|  0%| F|  |TAMS 0x0000000088500000, 0x0000000088500000| Untracked 
| 102|0x0000000088600000, 0x0000000088600000, 0x0000000088700000|  0%| F|  |TAMS 0x0000000088600000, 0x0000000088600000| Untracked 
| 103|0x0000000088700000, 0x0000000088700000, 0x0000000088800000|  0%| F|  |TAMS 0x0000000088700000, 0x0000000088700000| Untracked 
| 104|0x0000000088800000, 0x0000000088800000, 0x0000000088900000|  0%| F|  |TAMS 0x0000000088800000, 0x0000000088800000| Untracked 
| 105|0x0000000088900000, 0x0000000088900000, 0x0000000088a00000|  0%| F|  |TAMS 0x0000000088900000, 0x0000000088900000| Untracked 
| 106|0x0000000088a00000, 0x0000000088a00000, 0x0000000088b00000|  0%| F|  |TAMS 0x0000000088a00000, 0x0000000088a00000| Untracked 
| 107|0x0000000088b00000, 0x0000000088b00000, 0x0000000088c00000|  0%| F|  |TAMS 0x0000000088b00000, 0x0000000088b00000| Untracked 
| 108|0x0000000088c00000, 0x0000000088c00000, 0x0000000088d00000|  0%| F|  |TAMS 0x0000000088c00000, 0x0000000088c00000| Untracked 
| 109|0x0000000088d00000, 0x0000000088d00000, 0x0000000088e00000|  0%| F|  |TAMS 0x0000000088d00000, 0x0000000088d00000| Untracked 
| 110|0x0000000088e00000, 0x0000000088e00000, 0x0000000088f00000|  0%| F|  |TAMS 0x0000000088e00000, 0x0000000088e00000| Untracked 
| 111|0x0000000088f00000, 0x0000000088f00000, 0x0000000089000000|  0%| F|  |TAMS 0x0000000088f00000, 0x0000000088f00000| Untracked 
| 112|0x0000000089000000, 0x0000000089000000, 0x0000000089100000|  0%| F|  |TAMS 0x0000000089000000, 0x0000000089000000| Untracked 
| 113|0x0000000089100000, 0x0000000089100000, 0x0000000089200000|  0%| F|  |TAMS 0x0000000089100000, 0x0000000089100000| Untracked 
| 114|0x0000000089200000, 0x0000000089200000, 0x0000000089300000|  0%| F|  |TAMS 0x0000000089200000, 0x0000000089200000| Untracked 
| 115|0x0000000089300000, 0x0000000089300000, 0x0000000089400000|  0%| F|  |TAMS 0x0000000089300000, 0x0000000089300000| Untracked 
| 116|0x0000000089400000, 0x0000000089400000, 0x0000000089500000|  0%| F|  |TAMS 0x0000000089400000, 0x0000000089400000| Untracked 
| 117|0x0000000089500000, 0x0000000089500000, 0x0000000089600000|  0%| F|  |TAMS 0x0000000089500000, 0x0000000089500000| Untracked 
| 118|0x0000000089600000, 0x0000000089600000, 0x0000000089700000|  0%| F|  |TAMS 0x0000000089600000, 0x0000000089600000| Untracked 
| 119|0x0000000089700000, 0x0000000089700000, 0x0000000089800000|  0%| F|  |TAMS 0x0000000089700000, 0x0000000089700000| Untracked 
| 120|0x0000000089800000, 0x0000000089800000, 0x0000000089900000|  0%| F|  |TAMS 0x0000000089800000, 0x0000000089800000| Untracked 
| 121|0x0000000089900000, 0x0000000089900000, 0x0000000089a00000|  0%| F|  |TAMS 0x0000000089900000, 0x0000000089900000| Untracked 
| 122|0x0000000089a00000, 0x0000000089a00000, 0x0000000089b00000|  0%| F|  |TAMS 0x0000000089a00000, 0x0000000089a00000| Untracked 
| 123|0x0000000089b00000, 0x0000000089b00000, 0x0000000089c00000|  0%| F|  |TAMS 0x0000000089b00000, 0x0000000089b00000| Untracked 
| 124|0x0000000089c00000, 0x0000000089c00000, 0x0000000089d00000|  0%| F|  |TAMS 0x0000000089c00000, 0x0000000089c00000| Untracked 
| 125|0x0000000089d00000, 0x0000000089d00000, 0x0000000089e00000|  0%| F|  |TAMS 0x0000000089d00000, 0x0000000089d00000| Untracked 
| 126|0x0000000089e00000, 0x0000000089e00000, 0x0000000089f00000|  0%| F|  |TAMS 0x0000000089e00000, 0x0000000089e00000| Untracked 
| 127|0x0000000089f00000, 0x0000000089f00000, 0x000000008a000000|  0%| F|  |TAMS 0x0000000089f00000, 0x0000000089f00000| Untracked 
| 128|0x000000008a000000, 0x000000008a000000, 0x000000008a100000|  0%| F|  |TAMS 0x000000008a000000, 0x000000008a000000| Untracked 
| 129|0x000000008a100000, 0x000000008a100000, 0x000000008a200000|  0%| F|  |TAMS 0x000000008a100000, 0x000000008a100000| Untracked 
| 130|0x000000008a200000, 0x000000008a200000, 0x000000008a300000|  0%| F|  |TAMS 0x000000008a200000, 0x000000008a200000| Untracked 
| 131|0x000000008a300000, 0x000000008a300000, 0x000000008a400000|  0%| F|  |TAMS 0x000000008a300000, 0x000000008a300000| Untracked 
| 132|0x000000008a400000, 0x000000008a400000, 0x000000008a500000|  0%| F|  |TAMS 0x000000008a400000, 0x000000008a400000| Untracked 
| 133|0x000000008a500000, 0x000000008a500000, 0x000000008a600000|  0%| F|  |TAMS 0x000000008a500000, 0x000000008a500000| Untracked 
| 134|0x000000008a600000, 0x000000008a600000, 0x000000008a700000|  0%| F|  |TAMS 0x000000008a600000, 0x000000008a600000| Untracked 
| 135|0x000000008a700000, 0x000000008a700000, 0x000000008a800000|  0%| F|  |TAMS 0x000000008a700000, 0x000000008a700000| Untracked 
| 136|0x000000008a800000, 0x000000008a800000, 0x000000008a900000|  0%| F|  |TAMS 0x000000008a800000, 0x000000008a800000| Untracked 
| 137|0x000000008a900000, 0x000000008a900000, 0x000000008aa00000|  0%| F|  |TAMS 0x000000008a900000, 0x000000008a900000| Untracked 
| 138|0x000000008aa00000, 0x000000008aa80800, 0x000000008ab00000| 50%| E|  |TAMS 0x000000008aa00000, 0x000000008aa00000| Complete 
| 139|0x000000008ab00000, 0x000000008ac00000, 0x000000008ac00000|100%| E|CS|TAMS 0x000000008ab00000, 0x000000008ab00000| Complete 
| 140|0x000000008ac00000, 0x000000008ad00000, 0x000000008ad00000|100%| E|CS|TAMS 0x000000008ac00000, 0x000000008ac00000| Complete 
| 141|0x000000008ad00000, 0x000000008ae00000, 0x000000008ae00000|100%| E|CS|TAMS 0x000000008ad00000, 0x000000008ad00000| Complete 
| 142|0x000000008ae00000, 0x000000008af00000, 0x000000008af00000|100%| E|CS|TAMS 0x000000008ae00000, 0x000000008ae00000| Complete 
| 143|0x000000008af00000, 0x000000008b000000, 0x000000008b000000|100%| E|CS|TAMS 0x000000008af00000, 0x000000008af00000| Complete 
| 144|0x000000008b000000, 0x000000008b100000, 0x000000008b100000|100%| E|CS|TAMS 0x000000008b000000, 0x000000008b000000| Complete 
| 145|0x000000008b100000, 0x000000008b200000, 0x000000008b200000|100%| E|CS|TAMS 0x000000008b100000, 0x000000008b100000| Complete 
| 146|0x000000008b200000, 0x000000008b300000, 0x000000008b300000|100%| E|CS|TAMS 0x000000008b200000, 0x000000008b200000| Complete 
| 147|0x000000008b300000, 0x000000008b400000, 0x000000008b400000|100%| E|CS|TAMS 0x000000008b300000, 0x000000008b300000| Complete 
| 148|0x000000008b400000, 0x000000008b500000, 0x000000008b500000|100%| E|CS|TAMS 0x000000008b400000, 0x000000008b400000| Complete 
| 149|0x000000008b500000, 0x000000008b600000, 0x000000008b600000|100%| E|CS|TAMS 0x000000008b500000, 0x000000008b500000| Complete 
| 150|0x000000008b600000, 0x000000008b700000, 0x000000008b700000|100%| E|CS|TAMS 0x000000008b600000, 0x000000008b600000| Complete 
| 151|0x000000008b700000, 0x000000008b800000, 0x000000008b800000|100%| E|CS|TAMS 0x000000008b700000, 0x000000008b700000| Complete 
| 152|0x000000008b800000, 0x000000008b900000, 0x000000008b900000|100%| E|CS|TAMS 0x000000008b800000, 0x000000008b800000| Complete 
| 153|0x000000008b900000, 0x000000008ba00000, 0x000000008ba00000|100%| E|CS|TAMS 0x000000008b900000, 0x000000008b900000| Complete 
| 154|0x000000008ba00000, 0x000000008bb00000, 0x000000008bb00000|100%| E|CS|TAMS 0x000000008ba00000, 0x000000008ba00000| Complete 
| 155|0x000000008bb00000, 0x000000008bc00000, 0x000000008bc00000|100%| E|CS|TAMS 0x000000008bb00000, 0x000000008bb00000| Complete 
| 156|0x000000008bc00000, 0x000000008bd00000, 0x000000008bd00000|100%| E|CS|TAMS 0x000000008bc00000, 0x000000008bc00000| Complete 
| 157|0x000000008bd00000, 0x000000008be00000, 0x000000008be00000|100%| E|CS|TAMS 0x000000008bd00000, 0x000000008bd00000| Complete 
| 158|0x000000008be00000, 0x000000008bf00000, 0x000000008bf00000|100%| E|CS|TAMS 0x000000008be00000, 0x000000008be00000| Complete 
| 159|0x000000008bf00000, 0x000000008c000000, 0x000000008c000000|100%| E|CS|TAMS 0x000000008bf00000, 0x000000008bf00000| Complete 
| 160|0x000000008c000000, 0x000000008c100000, 0x000000008c100000|100%| E|CS|TAMS 0x000000008c000000, 0x000000008c000000| Complete 
| 161|0x000000008c100000, 0x000000008c200000, 0x000000008c200000|100%| E|CS|TAMS 0x000000008c100000, 0x000000008c100000| Complete 
| 162|0x000000008c200000, 0x000000008c300000, 0x000000008c300000|100%| E|CS|TAMS 0x000000008c200000, 0x000000008c200000| Complete 
| 163|0x000000008c300000, 0x000000008c400000, 0x000000008c400000|100%| E|CS|TAMS 0x000000008c300000, 0x000000008c300000| Complete 
| 164|0x000000008c400000, 0x000000008c500000, 0x000000008c500000|100%| E|CS|TAMS 0x000000008c400000, 0x000000008c400000| Complete 
| 165|0x000000008c500000, 0x000000008c600000, 0x000000008c600000|100%| E|CS|TAMS 0x000000008c500000, 0x000000008c500000| Complete 
| 166|0x000000008c600000, 0x000000008c700000, 0x000000008c700000|100%| E|CS|TAMS 0x000000008c600000, 0x000000008c600000| Complete 
| 167|0x000000008c700000, 0x000000008c800000, 0x000000008c800000|100%| E|CS|TAMS 0x000000008c700000, 0x000000008c700000| Complete 
| 168|0x000000008c800000, 0x000000008c900000, 0x000000008c900000|100%| E|CS|TAMS 0x000000008c800000, 0x000000008c800000| Complete 
| 169|0x000000008c900000, 0x000000008ca00000, 0x000000008ca00000|100%| E|CS|TAMS 0x000000008c900000, 0x000000008c900000| Complete 
| 170|0x000000008ca00000, 0x000000008cb00000, 0x000000008cb00000|100%| E|CS|TAMS 0x000000008ca00000, 0x000000008ca00000| Complete 
| 171|0x000000008cb00000, 0x000000008cc00000, 0x000000008cc00000|100%| E|CS|TAMS 0x000000008cb00000, 0x000000008cb00000| Complete 
| 172|0x000000008cc00000, 0x000000008cd00000, 0x000000008cd00000|100%| E|CS|TAMS 0x000000008cc00000, 0x000000008cc00000| Complete 
| 173|0x000000008cd00000, 0x000000008ce00000, 0x000000008ce00000|100%| E|CS|TAMS 0x000000008cd00000, 0x000000008cd00000| Complete 
| 174|0x000000008ce00000, 0x000000008cf00000, 0x000000008cf00000|100%| E|CS|TAMS 0x000000008ce00000, 0x000000008ce00000| Complete 
| 175|0x000000008cf00000, 0x000000008d000000, 0x000000008d000000|100%| E|CS|TAMS 0x000000008cf00000, 0x000000008cf00000| Complete 
| 176|0x000000008d000000, 0x000000008d100000, 0x000000008d100000|100%| E|CS|TAMS 0x000000008d000000, 0x000000008d000000| Complete 
| 177|0x000000008d100000, 0x000000008d200000, 0x000000008d200000|100%| E|CS|TAMS 0x000000008d100000, 0x000000008d100000| Complete 
| 178|0x000000008d200000, 0x000000008d300000, 0x000000008d300000|100%| E|CS|TAMS 0x000000008d200000, 0x000000008d200000| Complete 
| 179|0x000000008d300000, 0x000000008d400000, 0x000000008d400000|100%| E|CS|TAMS 0x000000008d300000, 0x000000008d300000| Complete 
| 180|0x000000008d400000, 0x000000008d500000, 0x000000008d500000|100%| E|CS|TAMS 0x000000008d400000, 0x000000008d400000| Complete 
| 181|0x000000008d500000, 0x000000008d600000, 0x000000008d600000|100%| E|CS|TAMS 0x000000008d500000, 0x000000008d500000| Complete 
| 182|0x000000008d600000, 0x000000008d700000, 0x000000008d700000|100%| E|CS|TAMS 0x000000008d600000, 0x000000008d600000| Complete 
| 183|0x000000008d700000, 0x000000008d800000, 0x000000008d800000|100%| E|CS|TAMS 0x000000008d700000, 0x000000008d700000| Complete 
| 184|0x000000008d800000, 0x000000008d900000, 0x000000008d900000|100%| E|CS|TAMS 0x000000008d800000, 0x000000008d800000| Complete 
| 185|0x000000008d900000, 0x000000008da00000, 0x000000008da00000|100%| E|CS|TAMS 0x000000008d900000, 0x000000008d900000| Complete 
| 186|0x000000008da00000, 0x000000008db00000, 0x000000008db00000|100%| E|CS|TAMS 0x000000008da00000, 0x000000008da00000| Complete 
| 187|0x000000008db00000, 0x000000008dc00000, 0x000000008dc00000|100%| E|CS|TAMS 0x000000008db00000, 0x000000008db00000| Complete 
| 188|0x000000008dc00000, 0x000000008dd00000, 0x000000008dd00000|100%| E|CS|TAMS 0x000000008dc00000, 0x000000008dc00000| Complete 
| 189|0x000000008dd00000, 0x000000008de00000, 0x000000008de00000|100%| E|CS|TAMS 0x000000008dd00000, 0x000000008dd00000| Complete 
| 190|0x000000008de00000, 0x000000008df00000, 0x000000008df00000|100%| E|CS|TAMS 0x000000008de00000, 0x000000008de00000| Complete 
| 191|0x000000008df00000, 0x000000008e000000, 0x000000008e000000|100%| E|CS|TAMS 0x000000008df00000, 0x000000008df00000| Complete 
| 192|0x000000008e000000, 0x000000008e100000, 0x000000008e100000|100%| E|CS|TAMS 0x000000008e000000, 0x000000008e000000| Complete 
| 193|0x000000008e100000, 0x000000008e200000, 0x000000008e200000|100%| E|CS|TAMS 0x000000008e100000, 0x000000008e100000| Complete 
| 194|0x000000008e200000, 0x000000008e300000, 0x000000008e300000|100%| E|CS|TAMS 0x000000008e200000, 0x000000008e200000| Complete 
| 195|0x000000008e300000, 0x000000008e400000, 0x000000008e400000|100%| E|CS|TAMS 0x000000008e300000, 0x000000008e300000| Complete 
| 196|0x000000008e400000, 0x000000008e500000, 0x000000008e500000|100%| E|CS|TAMS 0x000000008e400000, 0x000000008e400000| Complete 
| 197|0x000000008e500000, 0x000000008e600000, 0x000000008e600000|100%| E|CS|TAMS 0x000000008e500000, 0x000000008e500000| Complete 
| 198|0x000000008e600000, 0x000000008e700000, 0x000000008e700000|100%| E|CS|TAMS 0x000000008e600000, 0x000000008e600000| Complete 
| 199|0x000000008e700000, 0x000000008e800000, 0x000000008e800000|100%| E|CS|TAMS 0x000000008e700000, 0x000000008e700000| Complete 
| 200|0x000000008e800000, 0x000000008e900000, 0x000000008e900000|100%| E|CS|TAMS 0x000000008e800000, 0x000000008e800000| Complete 
| 201|0x000000008e900000, 0x000000008ea00000, 0x000000008ea00000|100%| E|CS|TAMS 0x000000008e900000, 0x000000008e900000| Complete 
| 202|0x000000008ea00000, 0x000000008eb00000, 0x000000008eb00000|100%| E|CS|TAMS 0x000000008ea00000, 0x000000008ea00000| Complete 
| 203|0x000000008eb00000, 0x000000008ec00000, 0x000000008ec00000|100%| E|CS|TAMS 0x000000008eb00000, 0x000000008eb00000| Complete 

Card table byte_map: [0x000002d3e41d0000,0x000002d3e45c0000] _byte_map_base: 0x000002d3e3dc0000

Marking Bits (Prev, Next): (CMBitMap*) 0x000002d3cc4850b8, (CMBitMap*) 0x000002d3cc4850f0
 Prev Bits: [0x000002d3e49b0000, 0x000002d3e6930000)
 Next Bits: [0x000002d3e6930000, 0x000002d3e88b0000)

Polling page: 0x000002d3ca2b0000

Metaspace:

Usage:
  Non-class:     50.48 MB capacity,    49.68 MB ( 98%) used,   631.46 KB (  1%) free+waste,   187.31 KB ( <1%) overhead. 
      Class:      7.79 MB capacity,     7.23 MB ( 93%) used,   482.51 KB (  6%) free+waste,    88.31 KB (  1%) overhead. 
       Both:     58.27 MB capacity,    56.92 MB ( 98%) used,     1.09 MB (  2%) free+waste,   275.63 KB ( <1%) overhead. 

Virtual space:
  Non-class space:       52.00 MB reserved,      50.50 MB ( 97%) committed 
      Class space:        1.00 GB reserved,       7.88 MB ( <1%) committed 
             Both:        1.05 GB reserved,      58.38 MB (  5%) committed 

Chunk freelists:
   Non-Class:  16.00 KB
       Class:  0 bytes
        Both:  16.00 KB

MaxMetaspaceSize: 17179869184.00 GB
CompressedClassSpaceSize: 1.00 GB

CodeHeap 'non-profiled nmethods': size=120064Kb used=3054Kb max_used=3054Kb free=117009Kb
 bounds [0x000002d3dc8a0000, 0x000002d3dcba0000, 0x000002d3e3de0000]
CodeHeap 'profiled nmethods': size=120000Kb used=10056Kb max_used=10056Kb free=109943Kb
 bounds [0x000002d3d5370000, 0x000002d3d5d50000, 0x000002d3dc8a0000]
CodeHeap 'non-nmethods': size=5696Kb used=1199Kb max_used=1259Kb free=4496Kb
 bounds [0x000002d3d4de0000, 0x000002d3d5050000, 0x000002d3d5370000]
 total_blobs=5016 nmethods=4455 adapters=472
 compilation: enabled
              stopped_count=0, restarted_count=0
 full_count=0

Compilation events (20 events):
Event: 14.346 Thread 0x000002d3eaded000 4462       3       org.springframework.context.support.ApplicationObjectSupport::getApplicationContext (51 bytes)
Event: 14.346 Thread 0x000002d3eaded000 nmethod 4462 0x000002d3d5d3aa90 code [0x000002d3d5d3ad40, 0x000002d3d5d3b8c8]
Event: 14.348 Thread 0x000002d3eaded000 4463       3       org.springframework.beans.support.ResourceEditorRegistrar::doRegisterEditor (28 bytes)
Event: 14.348 Thread 0x000002d3eaded000 nmethod 4463 0x000002d3d5d3bc90 code [0x000002d3d5d3bea0, 0x000002d3d5d3c678]
Event: 14.348 Thread 0x000002d3eaded000 4464       1       java.lang.ThreadLocal::initialValue (2 bytes)
Event: 14.348 Thread 0x000002d3eaded000 nmethod 4464 0x000002d3dcb8b510 code [0x000002d3dcb8b6c0, 0x000002d3dcb8b778]
Event: 14.348 Thread 0x000002d3eaded000 4465       3       org.springframework.beans.factory.support.DefaultListableBeanFactory::getBeanNamesForType (101 bytes)
Event: 14.349 Thread 0x000002d3eaded000 nmethod 4465 0x000002d3d5d3c890 code [0x000002d3d5d3cb00, 0x000002d3d5d3d628]
Event: 14.349 Thread 0x000002d3eaded000 4466       3       org.springframework.util.StringUtils::delimitedListToStringArray (164 bytes)
Event: 14.351 Thread 0x000002d3eaded000 nmethod 4466 0x000002d3d5d3d990 code [0x000002d3d5d3de00, 0x000002d3d5d403b8]
Event: 14.353 Thread 0x000002d3eaded000 4467       3       org.springframework.boot.env.OriginTrackedMapPropertySource::getProperty (23 bytes)
Event: 14.353 Thread 0x000002d3eaded000 nmethod 4467 0x000002d3d5d41110 code [0x000002d3d5d41300, 0x000002d3d5d418f8]
Event: 14.356 Thread 0x000002d3eaded000 4469       3       org.springframework.context.support.ApplicationObjectSupport::obtainApplicationContext (21 bytes)
Event: 14.356 Thread 0x000002d3eaded000 nmethod 4469 0x000002d3d5d41a90 code [0x000002d3d5d41c60, 0x000002d3d5d41f58]
Event: 14.357 Thread 0x000002d3eaded000 4470       1       org.springframework.beans.factory.support.AbstractAutowireCapableBeanFactory::getInstantiationStrategy (5 bytes)
Event: 14.357 Thread 0x000002d3eaded000 nmethod 4470 0x000002d3dcb8b810 code [0x000002d3dcb8b9c0, 0x000002d3dcb8ba78]
Event: 14.439 Thread 0x000002d3eadcf800 nmethod 4417 0x000002d3dcb8bb10 code [0x000002d3dcb8c520, 0x000002d3dcb94020]
Event: 14.440 Thread 0x000002d3eadcf800 4434   !   4       java.lang.reflect.Executable::declaredAnnotations (85 bytes)
Event: 14.467 Thread 0x000002d3eadcf800 nmethod 4434 0x000002d3dcb99410 code [0x000002d3dcb996e0, 0x000002d3dcb9ac40]
Event: 14.467 Thread 0x000002d3eadcf800 4437       4       org.springframework.core.annotation.TypeMappedAnnotations$MergedAnnotationFinder::doWithAnnotations (10 bytes)

GC Heap History (14 events):
Event: 0.607 GC heap before
{Heap before GC invocations=0 (full 0):
 garbage-first heap   total 129024K, used 15360K [0x0000000082000000, 0x0000000100000000)
  region size 1024K, 14 young (14336K), 0 survivors (0K)
 Metaspace       used 9891K, capacity 10007K, committed 10240K, reserved 1058816K
  class space    used 905K, capacity 957K, committed 1024K, reserved 1048576K
}
Event: 0.639 GC heap after
{Heap after GC invocations=1 (full 0):
 garbage-first heap   total 129024K, used 5729K [0x0000000082000000, 0x0000000100000000)
  region size 1024K, 2 young (2048K), 2 survivors (2048K)
 Metaspace       used 9891K, capacity 10007K, committed 10240K, reserved 1058816K
  class space    used 905K, capacity 957K, committed 1024K, reserved 1048576K
}
Event: 1.615 GC heap before
{Heap before GC invocations=1 (full 0):
 garbage-first heap   total 129024K, used 32353K [0x0000000082000000, 0x0000000100000000)
  region size 1024K, 28 young (28672K), 2 survivors (2048K)
 Metaspace       used 17487K, capacity 17875K, committed 17920K, reserved 1064960K
  class space    used 1876K, capacity 2039K, committed 2048K, reserved 1048576K
}
Event: 1.671 GC heap after
{Heap after GC invocations=2 (full 0):
 garbage-first heap   total 129024K, used 7777K [0x0000000082000000, 0x0000000100000000)
  region size 1024K, 4 young (4096K), 4 survivors (4096K)
 Metaspace       used 17487K, capacity 17875K, committed 17920K, reserved 1064960K
  class space    used 1876K, capacity 2039K, committed 2048K, reserved 1048576K
}
Event: 1.996 GC heap before
{Heap before GC invocations=2 (full 0):
 garbage-first heap   total 129024K, used 21089K [0x0000000082000000, 0x0000000100000000)
  region size 1024K, 19 young (19456K), 4 survivors (4096K)
 Metaspace       used 20625K, capacity 21084K, committed 21248K, reserved 1069056K
  class space    used 2249K, capacity 2451K, committed 2560K, reserved 1048576K
}
Event: 2.002 GC heap after
{Heap after GC invocations=3 (full 0):
 garbage-first heap   total 129024K, used 8450K [0x0000000082000000, 0x0000000100000000)
  region size 1024K, 3 young (3072K), 3 survivors (3072K)
 Metaspace       used 20625K, capacity 21084K, committed 21248K, reserved 1069056K
  class space    used 2249K, capacity 2451K, committed 2560K, reserved 1048576K
}
Event: 2.411 GC heap before
{Heap before GC invocations=4 (full 0):
 garbage-first heap   total 129024K, used 41218K [0x0000000082000000, 0x0000000100000000)
  region size 1024K, 36 young (36864K), 3 survivors (3072K)
 Metaspace       used 24378K, capacity 24886K, committed 24960K, reserved 1071104K
  class space    used 2715K, capacity 2930K, committed 2944K, reserved 1048576K
}
Event: 2.415 GC heap after
{Heap after GC invocations=5 (full 0):
 garbage-first heap   total 129024K, used 9309K [0x0000000082000000, 0x0000000100000000)
  region size 1024K, 4 young (4096K), 4 survivors (4096K)
 Metaspace       used 24378K, capacity 24886K, committed 24960K, reserved 1071104K
  class space    used 2715K, capacity 2930K, committed 2944K, reserved 1048576K
}
Event: 3.441 GC heap before
{Heap before GC invocations=5 (full 0):
 garbage-first heap   total 129024K, used 58461K [0x0000000082000000, 0x0000000100000000)
  region size 1024K, 53 young (54272K), 4 survivors (4096K)
 Metaspace       used 26918K, capacity 27559K, committed 27648K, reserved 1073152K
  class space    used 3001K, capacity 3283K, committed 3328K, reserved 1048576K
}
Event: 3.447 GC heap after
{Heap after GC invocations=6 (full 0):
 garbage-first heap   total 129024K, used 10664K [0x0000000082000000, 0x0000000100000000)
  region size 1024K, 5 young (5120K), 5 survivors (5120K)
 Metaspace       used 26918K, capacity 27559K, committed 27648K, reserved 1073152K
  class space    used 3001K, capacity 3283K, committed 3328K, reserved 1048576K
}
Event: 7.606 GC heap before
{Heap before GC invocations=6 (full 0):
 garbage-first heap   total 129024K, used 55720K [0x0000000082000000, 0x0000000100000000)
  region size 1024K, 50 young (51200K), 5 survivors (5120K)
 Metaspace       used 34701K, capacity 35727K, committed 35840K, reserved 1081344K
  class space    used 4020K, capacity 4416K, committed 4480K, reserved 1048576K
}
Event: 7.621 GC heap after
{Heap after GC invocations=7 (full 0):
 garbage-first heap   total 208896K, used 13713K [0x0000000082000000, 0x0000000100000000)
  region size 1024K, 8 young (8192K), 8 survivors (8192K)
 Metaspace       used 34701K, capacity 35727K, committed 35840K, reserved 1081344K
  class space    used 4020K, capacity 4416K, committed 4480K, reserved 1048576K
}
Event: 11.336 GC heap before
{Heap before GC invocations=8 (full 0):
 garbage-first heap   total 208896K, used 128401K [0x0000000082000000, 0x0000000100000000)
  region size 1024K, 121 young (123904K), 8 survivors (8192K)
 Metaspace       used 48151K, capacity 49300K, committed 49536K, reserved 1091584K
  class space    used 5946K, capacity 6401K, committed 6528K, reserved 1048576K
}
Event: 11.347 GC heap after
{Heap after GC invocations=9 (full 0):
 garbage-first heap   total 208896K, used 18350K [0x0000000082000000, 0x0000000100000000)
  region size 1024K, 13 young (13312K), 13 survivors (13312K)
 Metaspace       used 48151K, capacity 49300K, committed 49536K, reserved 1091584K
  class space    used 5946K, capacity 6401K, committed 6528K, reserved 1048576K
}

Deoptimization events (20 events):
Event: 13.537 Thread 0x000002d3cc446000 Uncommon trap: trap_request=0xffffff4d fr.pc=0x000002d3dc940930 relative=0x0000000000001050
Event: 13.537 Thread 0x000002d3cc446000 Uncommon trap: reason=unstable_if action=reinterpret pc=0x000002d3dc940930 method=java.util.concurrent.ConcurrentHashMap.transfer([Ljava/util/concurrent/ConcurrentHashMap$Node;[Ljava/util/concurrent/ConcurrentHashMap$Node;)V @ 352 c2
Event: 13.537 Thread 0x000002d3cc446000 DEOPT PACKING pc=0x000002d3dc940930 sp=0x000000dd8e7fe280
Event: 13.537 Thread 0x000002d3cc446000 DEOPT UNPACKING pc=0x000002d3d4e0662f sp=0x000000dd8e7fe1f8 mode 2
Event: 13.606 Thread 0x000002d3cc446000 Uncommon trap: trap_request=0xffffffde fr.pc=0x000002d3dcb65574 relative=0x0000000000000134
Event: 13.606 Thread 0x000002d3cc446000 Uncommon trap: reason=class_check action=maybe_recompile pc=0x000002d3dcb65574 method=java.lang.reflect.Method.equals(Ljava/lang/Object;)Z @ 5 c2
Event: 13.606 Thread 0x000002d3cc446000 DEOPT PACKING pc=0x000002d3dcb65574 sp=0x000000dd8e7fd730
Event: 13.606 Thread 0x000002d3cc446000 DEOPT UNPACKING pc=0x000002d3d4e0662f sp=0x000000dd8e7fd6b8 mode 2
Event: 13.606 Thread 0x000002d3cc446000 Uncommon trap: trap_request=0xffffffde fr.pc=0x000002d3dcb65574 relative=0x0000000000000134
Event: 13.606 Thread 0x000002d3cc446000 Uncommon trap: reason=class_check action=maybe_recompile pc=0x000002d3dcb65574 method=java.lang.reflect.Method.equals(Ljava/lang/Object;)Z @ 5 c2
Event: 13.606 Thread 0x000002d3cc446000 DEOPT PACKING pc=0x000002d3dcb65574 sp=0x000000dd8e7fd730
Event: 13.606 Thread 0x000002d3cc446000 DEOPT UNPACKING pc=0x000002d3d4e0662f sp=0x000000dd8e7fd6b8 mode 2
Event: 13.673 Thread 0x000002d3cc446000 Uncommon trap: trap_request=0xffffff4d fr.pc=0x000002d3dcb2d5ac relative=0x0000000000003a6c
Event: 13.673 Thread 0x000002d3cc446000 Uncommon trap: reason=unstable_if action=reinterpret pc=0x000002d3dcb2d5ac method=org.springframework.beans.factory.support.AbstractBeanFactory.isTypeMatch(Ljava/lang/String;Lorg/springframework/core/ResolvableType;Z)Z @ 559 c2
Event: 13.673 Thread 0x000002d3cc446000 DEOPT PACKING pc=0x000002d3dcb2d5ac sp=0x000000dd8e7fb170
Event: 13.673 Thread 0x000002d3cc446000 DEOPT UNPACKING pc=0x000002d3d4e0662f sp=0x000000dd8e7fb128 mode 2
Event: 14.343 Thread 0x000002d3cc446000 Uncommon trap: trap_request=0xffffff4d fr.pc=0x000002d3dcb43508 relative=0x0000000000000908
Event: 14.343 Thread 0x000002d3cc446000 Uncommon trap: reason=unstable_if action=reinterpret pc=0x000002d3dcb43508 method=org.springframework.core.annotation.AnnotationsScanner.isWithoutHierarchy(Ljava/lang/reflect/AnnotatedElement;Lorg/springframework/core/annotation/MergedAnnotations$SearchSt
Event: 14.343 Thread 0x000002d3cc446000 DEOPT PACKING pc=0x000002d3dcb43508 sp=0x000000dd8e7fe0c0
Event: 14.343 Thread 0x000002d3cc446000 DEOPT UNPACKING pc=0x000002d3d4e0662f sp=0x000000dd8e7fe018 mode 2

Classes redefined (0 events):
No events

Internal exceptions (20 events):
Event: 12.508 Thread 0x000002d3cc446000 Exception <a 'java/lang/ClassNotFoundException'{0x000000008cee6a50}: org/springframework/beans/factory/config/PropertiesFactoryBeanCustomizer> (0x000000008cee6a50) thrown at [./src/hotspot/share/classfile/systemDictionary.cpp, line 234]
Event: 12.509 Thread 0x000002d3cc446000 Exception <a 'java/lang/ClassNotFoundException'{0x000000008cd028d8}: org/springframework/beans/factory/FactoryBeanCustomizer> (0x000000008cd028d8) thrown at [./src/hotspot/share/classfile/systemDictionary.cpp, line 234]
Event: 12.509 Thread 0x000002d3cc446000 Exception <a 'java/lang/ClassNotFoundException'{0x000000008cd10ef0}: org/springframework/beans/factory/InitializingBeanCustomizer> (0x000000008cd10ef0) thrown at [./src/hotspot/share/classfile/systemDictionary.cpp, line 234]
Event: 13.110 Thread 0x000002d3cc446000 Exception <a 'java/lang/ClassNotFoundException'{0x000000008c32b6e0}: java/lang/ObjectCustomizer> (0x000000008c32b6e0) thrown at [./src/hotspot/share/classfile/systemDictionary.cpp, line 234]
Event: 13.111 Thread 0x000002d3cc446000 Exception <a 'java/lang/ClassNotFoundException'{0x000000008c339158}: com/pi/rodizioapi/model/FuncionarioModelCustomizer> (0x000000008c339158) thrown at [./src/hotspot/share/classfile/systemDictionary.cpp, line 234]
Event: 13.292 Thread 0x000002d3cc446000 Exception <a 'java/lang/IncompatibleClassChangeError'{0x000000008c086338}: Found class java.lang.Object, but interface was expected> (0x000000008c086338) thrown at [./src/hotspot/share/interpreter/linkResolver.cpp, line 839]
Event: 13.502 Thread 0x000002d3cc446000 Exception <a 'java/lang/ClassNotFoundException'{0x000000008bbae568}: java/lang/ObjectCustomizer> (0x000000008bbae568) thrown at [./src/hotspot/share/classfile/systemDictionary.cpp, line 234]
Event: 13.502 Thread 0x000002d3cc446000 Exception <a 'java/lang/ClassNotFoundException'{0x000000008bbbb820}: com/pi/rodizioapi/model/PostoModelCustomizer> (0x000000008bbbb820) thrown at [./src/hotspot/share/classfile/systemDictionary.cpp, line 234]
Event: 13.590 Thread 0x000002d3cc446000 Exception <a 'java/lang/ClassNotFoundException'{0x000000008b815b70}: java/lang/ObjectCustomizer> (0x000000008b815b70) thrown at [./src/hotspot/share/classfile/systemDictionary.cpp, line 234]
Event: 13.591 Thread 0x000002d3cc446000 Exception <a 'java/lang/ClassNotFoundException'{0x000000008b826d68}: org/springframework/web/servlet/config/annotation/WebMvcConfigurationSupportCustomizer> (0x000000008b826d68) thrown at [./src/hotspot/share/classfile/systemDictionary.cpp, line 234]
Event: 13.592 Thread 0x000002d3cc446000 Exception <a 'java/lang/ClassNotFoundException'{0x000000008b844450}: org/springframework/web/servlet/config/annotation/DelegatingWebMvcConfigurationCustomizer> (0x000000008b844450) thrown at [./src/hotspot/share/classfile/systemDictionary.cpp, line 234]
Event: 13.595 Thread 0x000002d3cc446000 Exception <a 'java/lang/ClassNotFoundException'{0x000000008b858d18}: org/springframework/boot/autoconfigure/web/servlet/WebMvcAutoConfiguration$EnableWebMvcConfigurationCustomizer> (0x000000008b858d18) thrown at [./src/hotspot/share/classfile/systemDictionary.cpp, line 234]
Event: 13.596 Thread 0x000002d3cc446000 Exception <a 'java/lang/ClassNotFoundException'{0x000000008b873348}: org/springframework/context/ResourceLoaderAwareCustomizer> (0x000000008b873348) thrown at [./src/hotspot/share/classfile/systemDictionary.cpp, line 234]
Event: 13.596 Thread 0x000002d3cc446000 Exception <a 'java/lang/ClassNotFoundException'{0x000000008b87e668}: org/springframework/beans/factory/AwareCustomizer> (0x000000008b87e668) thrown at [./src/hotspot/share/classfile/systemDictionary.cpp, line 234]
Event: 13.596 Thread 0x000002d3cc446000 Exception <a 'java/lang/ClassNotFoundException'{0x000000008b88a2c8}: org/springframework/context/ApplicationContextAwareCustomizer> (0x000000008b88a2c8) thrown at [./src/hotspot/share/classfile/systemDictionary.cpp, line 234]
Event: 13.596 Thread 0x000002d3cc446000 Exception <a 'java/lang/ClassNotFoundException'{0x000000008b895f78}: org/springframework/beans/factory/AwareCustomizer> (0x000000008b895f78) thrown at [./src/hotspot/share/classfile/systemDictionary.cpp, line 234]
Event: 13.597 Thread 0x000002d3cc446000 Exception <a 'java/lang/ClassNotFoundException'{0x000000008b8a1940}: org/springframework/web/context/ServletContextAwareCustomizer> (0x000000008b8a1940) thrown at [./src/hotspot/share/classfile/systemDictionary.cpp, line 234]
Event: 13.597 Thread 0x000002d3cc446000 Exception <a 'java/lang/ClassNotFoundException'{0x000000008b8ad0c8}: org/springframework/beans/factory/AwareCustomizer> (0x000000008b8ad0c8) thrown at [./src/hotspot/share/classfile/systemDictionary.cpp, line 234]
Event: 13.819 Thread 0x000002d3cc446000 Exception <a 'java/lang/NoSuchMethodError'{0x000000008b07f7d0}: 'void java.lang.invoke.DirectMethodHandle$Holder.invokeVirtual(java.lang.Object, java.lang.Object, int)'> (0x000000008b07f7d0) thrown at [./src/hotspot/share/interpreter/linkResolver.cpp, line 773]
Event: 13.821 Thread 0x000002d3cc446000 Exception <a 'java/lang/NoSuchMethodError'{0x000000008b099bb0}: 'void java.lang.invoke.DirectMethodHandle$Holder.invokeVirtual(java.lang.Object, java.lang.Object, long)'> (0x000000008b099bb0) thrown at [./src/hotspot/share/interpreter/linkResolver.cpp, line 773]

Events (20 events):
Event: 14.353 loading class com/samskivert/mustache/Template
Event: 14.353 loading class com/samskivert/mustache/Template done
Event: 14.354 loading class com/samskivert/mustache$Template
Event: 14.354 loading class com/samskivert/mustache$Template done
Event: 14.354 loading class groovy/text/TemplateEngine
Event: 14.354 loading class groovy/text/TemplateEngine done
Event: 14.354 loading class groovy/text$TemplateEngine
Event: 14.354 loading class groovy/text$TemplateEngine done
Event: 14.354 loading class org/thymeleaf/spring5/SpringTemplateEngine
Event: 14.354 loading class org/thymeleaf/spring5/SpringTemplateEngine done
Event: 14.354 loading class org/thymeleaf/spring5$SpringTemplateEngine
Event: 14.354 loading class org/thymeleaf/spring5$SpringTemplateEngine done
Event: 14.354 loading class org/apache/jasper/compiler/JspConfig
Event: 14.354 loading class org/apache/jasper/compiler/JspConfig done
Event: 14.354 loading class org/apache/jasper/compiler$JspConfig
Event: 14.354 loading class org/apache/jasper/compiler$JspConfig done
Event: 14.355 loading class org/springframework/http/server/RequestPath
Event: 14.355 loading class org/springframework/http/server/RequestPath done
Event: 14.357 loading class org/springframework/web/servlet/i18n/AcceptHeaderLocaleResolver
Event: 14.357 loading class org/springframework/web/servlet/i18n/AcceptHeaderLocaleResolver done


Dynamic libraries:
0x00007ff7958f0000 - 0x00007ff7958fd000 	C:\Users\kyron_rocha\.jdks\azul-11.0.11\bin\java.exe
0x00007ffb37810000 - 0x00007ffb37a05000 	C:\WINDOWS\SYSTEM32\ntdll.dll
0x00007ffb365e0000 - 0x00007ffb3669d000 	C:\WINDOWS\System32\KERNEL32.DLL
0x00007ffb353c0000 - 0x00007ffb35688000 	C:\WINDOWS\System32\KERNELBASE.dll
0x00007ffb35000000 - 0x00007ffb35100000 	C:\WINDOWS\System32\ucrtbase.dll
0x00007ffb24960000 - 0x00007ffb24977000 	C:\Users\kyron_rocha\.jdks\azul-11.0.11\bin\jli.dll
0x00007ffb35fd0000 - 0x00007ffb36170000 	C:\WINDOWS\System32\USER32.dll
0x00007ffb35100000 - 0x00007ffb35122000 	C:\WINDOWS\System32\win32u.dll
0x00007ffb35ba0000 - 0x00007ffb35bca000 	C:\WINDOWS\System32\GDI32.dll
0x00007ffb351d0000 - 0x00007ffb352db000 	C:\WINDOWS\System32\gdi32full.dll
0x00007ffb35130000 - 0x00007ffb351cd000 	C:\WINDOWS\System32\msvcp_win.dll
0x00007ffb20240000 - 0x00007ffb204da000 	C:\WINDOWS\WinSxS\amd64_microsoft.windows.common-controls_6595b64144ccf1df_6.0.19041.1052_none_60b8f8fd71f5e8cb\COMCTL32.dll
0x00007ffb30890000 - 0x00007ffb308a5000 	C:\Users\kyron_rocha\.jdks\azul-11.0.11\bin\VCRUNTIME140.dll
0x00007ffb35950000 - 0x00007ffb359ee000 	C:\WINDOWS\System32\msvcrt.dll
0x00007ffb35f40000 - 0x00007ffb35f70000 	C:\WINDOWS\System32\IMM32.DLL
0x00007ffb248c0000 - 0x00007ffb2495b000 	C:\Users\kyron_rocha\.jdks\azul-11.0.11\bin\msvcp140.dll
0x00007ffaf52f0000 - 0x00007ffaf5e3e000 	C:\Users\kyron_rocha\.jdks\azul-11.0.11\bin\server\jvm.dll
0x00007ffb366a0000 - 0x00007ffb3674c000 	C:\WINDOWS\System32\ADVAPI32.dll
0x00007ffb36540000 - 0x00007ffb365db000 	C:\WINDOWS\System32\sechost.dll
0x00007ffb36370000 - 0x00007ffb3649b000 	C:\WINDOWS\System32\RPCRT4.dll
0x00007ffb35f30000 - 0x00007ffb35f38000 	C:\WINDOWS\System32\PSAPI.DLL
0x00007ffb125d0000 - 0x00007ffb125d9000 	C:\WINDOWS\SYSTEM32\WSOCK32.dll
0x00007ffb36250000 - 0x00007ffb362bb000 	C:\WINDOWS\System32\WS2_32.dll
0x00007ffb2c0f0000 - 0x00007ffb2c117000 	C:\WINDOWS\SYSTEM32\WINMM.dll
0x00007ffb2d590000 - 0x00007ffb2d59a000 	C:\WINDOWS\SYSTEM32\VERSION.dll
0x00007ffb33800000 - 0x00007ffb33812000 	C:\WINDOWS\SYSTEM32\kernel.appcore.dll
0x00007ffb30850000 - 0x00007ffb30860000 	C:\Users\kyron_rocha\.jdks\azul-11.0.11\bin\verify.dll
0x00007ffb32bf0000 - 0x00007ffb32dd4000 	C:\WINDOWS\SYSTEM32\DBGHELP.DLL
0x00007ffb18390000 - 0x00007ffb183bc000 	C:\WINDOWS\SYSTEM32\dbgcore.DLL
0x00007ffb35690000 - 0x00007ffb35713000 	C:\WINDOWS\System32\bcryptPrimitives.dll
0x00007ffb24890000 - 0x00007ffb248b8000 	C:\Users\kyron_rocha\.jdks\azul-11.0.11\bin\java.dll
0x00007ffb29c40000 - 0x00007ffb29c4a000 	C:\Users\kyron_rocha\.jdks\azul-11.0.11\bin\jimage.dll
0x00007ffb24850000 - 0x00007ffb2485e000 	C:\Users\kyron_rocha\.jdks\azul-11.0.11\bin\instrument.dll
0x00007ffb24870000 - 0x00007ffb24887000 	C:\Users\kyron_rocha\.jdks\azul-11.0.11\bin\zip.dll
0x00007ffb36eb0000 - 0x00007ffb375ef000 	C:\WINDOWS\System32\SHELL32.dll
0x00007ffb33060000 - 0x00007ffb337f0000 	C:\WINDOWS\SYSTEM32\windows.storage.dll
0x00007ffb35bd0000 - 0x00007ffb35f25000 	C:\WINDOWS\System32\combase.dll
0x00007ffb348f0000 - 0x00007ffb3491c000 	C:\WINDOWS\SYSTEM32\Wldp.dll
0x00007ffb36750000 - 0x00007ffb367fe000 	C:\WINDOWS\System32\SHCORE.dll
0x00007ffb37710000 - 0x00007ffb37765000 	C:\WINDOWS\System32\shlwapi.dll
0x00007ffb34e90000 - 0x00007ffb34eaf000 	C:\WINDOWS\SYSTEM32\profapi.dll
0x00007ffb24830000 - 0x00007ffb24849000 	C:\Users\kyron_rocha\.jdks\azul-11.0.11\bin\net.dll
0x00007ffb2e730000 - 0x00007ffb2e83b000 	C:\WINDOWS\SYSTEM32\WINHTTP.dll
0x00007ffb34660000 - 0x00007ffb346ca000 	C:\WINDOWS\system32\mswsock.dll
0x00007ffb24690000 - 0x00007ffb246a2000 	C:\Users\kyron_rocha\.jdks\azul-11.0.11\bin\nio.dll
0x00007ffb24490000 - 0x00007ffb244aa000 	C:\Program Files\JetBrains\IntelliJ IDEA Community Edition 2021.1.1\bin\breakgen64.dll
0x00007ffb24780000 - 0x00007ffb24789000 	C:\Users\kyron_rocha\.jdks\azul-11.0.11\bin\management.dll
0x00007ffb24680000 - 0x00007ffb2468b000 	C:\Users\kyron_rocha\.jdks\azul-11.0.11\bin\management_ext.dll
0x00007ffaf4580000 - 0x00007ffaf4597000 	C:\WINDOWS\system32\napinsp.dll
0x00007ffaf4560000 - 0x00007ffaf457b000 	C:\WINDOWS\system32\pnrpnsp.dll
0x00007ffb06a70000 - 0x00007ffb06a85000 	C:\WINDOWS\system32\wshbth.dll
0x00007ffb30630000 - 0x00007ffb3064d000 	C:\WINDOWS\system32\NLAapi.dll
0x00007ffb34310000 - 0x00007ffb3434b000 	C:\WINDOWS\SYSTEM32\IPHLPAPI.DLL
0x00007ffb34350000 - 0x00007ffb3441c000 	C:\WINDOWS\SYSTEM32\DNSAPI.dll
0x00007ffb364b0000 - 0x00007ffb364b8000 	C:\WINDOWS\System32\NSI.dll
0x00007ffaf4540000 - 0x00007ffaf4552000 	C:\WINDOWS\System32\winrnr.dll
0x00007ffb29c00000 - 0x00007ffb29c0a000 	C:\Windows\System32\rasadhlp.dll
0x00007ffb2e430000 - 0x00007ffb2e4af000 	C:\WINDOWS\System32\fwpuclnt.dll
0x00007ffb35390000 - 0x00007ffb353b7000 	C:\WINDOWS\System32\bcrypt.dll
0x00007ffb34930000 - 0x00007ffb34948000 	C:\WINDOWS\SYSTEM32\CRYPTSP.dll
0x00007ffb33fc0000 - 0x00007ffb33ff4000 	C:\WINDOWS\system32\rsaenh.dll
0x00007ffb34e50000 - 0x00007ffb34e7e000 	C:\WINDOWS\SYSTEM32\USERENV.dll
0x00007ffb347e0000 - 0x00007ffb347ec000 	C:\WINDOWS\SYSTEM32\CRYPTBASE.dll
0x00007ffb2f090000 - 0x00007ffb2f0a7000 	C:\WINDOWS\SYSTEM32\dhcpcsvc6.DLL
0x00007ffb2efc0000 - 0x00007ffb2efdd000 	C:\WINDOWS\SYSTEM32\dhcpcsvc.DLL

dbghelp: loaded successfully - version: 4.0.5 - missing functions: none
symbol engine: initialized successfully - sym options: 0x614 - pdb path: .;C:\Users\kyron_rocha\.jdks\azul-11.0.11\bin;C:\WINDOWS\SYSTEM32;C:\WINDOWS\WinSxS\amd64_microsoft.windows.common-controls_6595b64144ccf1df_6.0.19041.1052_none_60b8f8fd71f5e8cb;C:\Users\kyron_rocha\.jdks\azul-11.0.11\bin\server;C:\Program Files\JetBrains\IntelliJ IDEA Community Edition 2021.1.1\bin

VM Arguments:
jvm_args: -javaagent:C:\Program Files\JetBrains\IntelliJ IDEA Community Edition 2021.1.1\lib\idea_rt.jar=1048:C:\Program Files\JetBrains\IntelliJ IDEA Community Edition 2021.1.1\bin -Dfile.encoding=UTF-8 
java_command: com.pi.rodizioapi.RodizioApiApplication
java_class_path (initial): C:\Users\kyron_rocha\Desktop\rodizio-api\target\classes;C:\Users\kyron_rocha\.m2\repository\org\springframework\boot\spring-boot-starter-web\2.5.0\spring-boot-starter-web-2.5.0.jar;C:\Users\kyron_rocha\.m2\repository\org\springframework\boot\spring-boot-starter\2.5.0\spring-boot-starter-2.5.0.jar;C:\Users\kyron_rocha\.m2\repository\org\springframework\boot\spring-boot\2.5.0\spring-boot-2.5.0.jar;C:\Users\kyron_rocha\.m2\repository\org\springframework\boot\spring-boot-autoconfigure\2.5.0\spring-boot-autoconfigure-2.5.0.jar;C:\Users\kyron_rocha\.m2\repository\org\springframework\boot\spring-boot-starter-logging\2.5.0\spring-boot-starter-logging-2.5.0.jar;C:\Users\kyron_rocha\.m2\repository\ch\qos\logback\logback-classic\1.2.3\logback-classic-1.2.3.jar;C:\Users\kyron_rocha\.m2\repository\ch\qos\logback\logback-core\1.2.3\logback-core-1.2.3.jar;C:\Users\kyron_rocha\.m2\repository\org\apache\logging\log4j\log4j-to-slf4j\2.14.1\log4j-to-slf4j-2.14.1.jar;C:\Users\kyron_rocha\.m2\repository\org\apache\logging\log4j\log4j-api\2.14.1\log4j-api-2.14.1.jar;C:\Users\kyron_rocha\.m2\repository\org\slf4j\jul-to-slf4j\1.7.30\jul-to-slf4j-1.7.30.jar;C:\Users\kyron_rocha\.m2\repository\jakarta\annotation\jakarta.annotation-api\1.3.5\jakarta.annotation-api-1.3.5.jar;C:\Users\kyron_rocha\.m2\repository\org\yaml\snakeyaml\1.28\snakeyaml-1.28.jar;C:\Users\kyron_rocha\.m2\repository\org\springframework\boot\spring-boot-starter-json\2.5.0\spring-boot-starter-json-2.5.0.jar;C:\Users\kyron_rocha\.m2\repository\com\fasterxml\jackson\datatype\jackson-datatype-jdk8\2.12.3\jackson-datatype-jdk8-2.12.3.jar;C:\Users\kyron_rocha\.m2\repository\com\fasterxml\jackson\datatype\jackson-datatype-jsr310\2.12.3\jackson-datatype-jsr310-2.12.3.jar;C:\Users\kyron_rocha\.m2\repository\com\fasterxml\jackson\module\jackson-module-parameter-names\2.12.3\jackson-module-parameter-names-2.12.3.jar;C:\Users\kyron_rocha\.m2\repository\org\springframework\boot\spring-boot-starter-tomcat\2.
Launcher Type: SUN_STANDARD

[Global flags]
     intx CICompilerCount                          = 3                                         {product} {ergonomic}
     uint ConcGCThreads                            = 1                                         {product} {ergonomic}
     uint G1ConcRefinementThreads                  = 4                                         {product} {ergonomic}
   size_t G1HeapRegionSize                         = 1048576                                   {product} {ergonomic}
    uintx GCDrainStackTargetSize                   = 64                                        {product} {ergonomic}
   size_t InitialHeapSize                          = 132120576                                 {product} {ergonomic}
   size_t MarkStackSize                            = 4194304                                   {product} {ergonomic}
   size_t MaxHeapSize                              = 2113929216                                {product} {ergonomic}
   size_t MaxNewSize                               = 1267728384                                {product} {ergonomic}
   size_t MinHeapDeltaBytes                        = 1048576                                   {product} {ergonomic}
    uintx NonNMethodCodeHeapSize                   = 5830732                                {pd product} {ergonomic}
    uintx NonProfiledCodeHeapSize                  = 122913754                              {pd product} {ergonomic}
    uintx ProfiledCodeHeapSize                     = 122913754                              {pd product} {ergonomic}
    uintx ReservedCodeCacheSize                    = 251658240                              {pd product} {ergonomic}
     bool SegmentedCodeCache                       = true                                      {product} {ergonomic}
     bool UseCompressedClassPointers               = true                                 {lp64_product} {ergonomic}
     bool UseCompressedOops                        = true                                 {lp64_product} {ergonomic}
     bool UseG1GC                                  = true                                      {product} {ergonomic}
     bool UseLargePagesIndividualAllocation        = false                                  {pd product} {ergonomic}

Logging:
Log output configuration:
 #0: stdout all=warning uptime,level,tags
 #1: stderr all=off uptime,level,tags

Environment Variables:
JAVA_HOME=C:\Java\jdk
CLASSPATH=.
PATH=C:\Program Files\Common Files\Oracle\Java\javapath;C:\Program Files (x86)\Common Files\Oracle\Java\javapath;c:\Program Files (x86)\Common Files\Intel\Shared Libraries\redist\intel64_win\compiler;%JAVA_HOME\bin%;C:\WINDOWS\system32;C:\WINDOWS;C:\WINDOWS\System32\Wbem;C:\WINDOWS\System32\WindowsPowerShell\v1.0\;C:\WINDOWS\System32\OpenSSH\;C:\Program Files (x86)\NVIDIA Corporation\PhysX\Common;C:\Program Files\MySQL\MySQL Server 8.0\bin;C:\Java\jdk-15.0.1\bin;C:\Program Files (x86)\QuickTime\QTSystem\;C:\Program Files\dotnet\;C:\Program Files\Microsoft SQL Server\130\Tools\Binn\;C:\Users\kyron_rocha\AppData\Local\Android\Sdk\platform-tools;C:\Gradle\gradle-6.8.2\bin;C:\Program Files\Microsoft SQL Server\Client SDK\ODBC\170\Tools\Binn\;C:\Users\kyron_rocha\AppData\Local\Android\Sdk\tools;C:\Users\kyron_rocha\AppData\Local\python2\scripts;C:\Users\kyron_rocha\AppData\Local\pyth;C:\WINDOWS\system32;C:\WINDOWS;C:\WINDOWS\System32\Wbem;C:\WINDOWS\System32\WindowsPowerShell\v1.0\;C:\WINDOWS\System32\OpenSSH\;C:\Program Files\nodejs\;C:\ProgramData\chocolatey\bin;C:\Program Files\Git\cmd;C:\Users\kyron_rocha\AppData\Local\Programs\Python\Python39\Scripts\;C:\Users\kyron_rocha\AppData\Local\Programs\Python\Python39\;C:\Users\kyron_rocha\AppData\Local\Android\Sdk\tools;C:\Users\kyron_rocha\AppData\Local\python2\scripts;C:\Users\kyron_rocha\AppData\Local\python2;C:\Users\kyron_rocha\AppData\Local\Microsoft\WindowsApps;C:\Users\kyron_rocha\AppData\Local\Programs\Microsoft VS Code\bin;C:\Java\IntelliJ IDEA Community Edition 2020.2.3\bin;C:\Users\kyron_rocha\.dotnet\tools;C:\Users\kyron_rocha\AppData\Local\atom\bin;C:\Users\kyron_rocha\AppData\Local\Android\Sdk\platform-tools;C:\flutter\bin;C:\Program Files\JetBrains\JetBrains Rider 2020.3.2\bin;;C:\Users\kyron_rocha\.dotnet\tools;C:\Users\kyron_rocha\AppData\Local\Microsoft\WindowsApps;C:\Program Files\JetBrains\IntelliJ IDEA Community Edition 2021.1.1\bin;;C:\Program Files\JetBrains\WebStorm 2021.1.1\bin;;C:\Program Files\PHP;
USERNAME=kyron_rocha
OS=Windows_NT
PROCESSOR_IDENTIFIER=Intel64 Family 6 Model 60 Stepping 3, GenuineIntel



---------------  S Y S T E M  ---------------

OS: Windows 10 , 64 bit Build 19041 (10.0.19041.1023)
OS uptime: 2 days 21:55 hours
Hyper-V role detected

CPU:total 4 (initial active 4) (4 cores per cpu, 1 threads per core) family 6 model 60 stepping 3 microcode 0x27, cmov, cx8, fxsr, mmx, sse, sse2, sse3, ssse3, sse4.1, sse4.2, popcnt, avx, avx2, aes, clmul, erms, lzcnt, tsc, tscinvbit, bmi1, bmi2, fma

Memory: 4k page, system-wide physical 8063M (425M free)
TotalPageFile size 18063M (AvailPageFile size 5M)
current process WorkingSet (physical memory assigned to process): 333M, peak: 337M
current process commit charge ("private bytes"): 428M, peak: 433M

vm_info: OpenJDK 64-Bit Server VM (11.0.11+9-LTS) for windows-amd64 JRE (Zulu11.48+21-CA) (11.0.11+9-LTS), built on Apr  4 2021 08:19:59 by "zulu_re" with MS VC++ 15.9 (VS2017)

END.
